[2025-05-30T16:15:40.066] [INFO] default - POST /api/users/register
[2025-05-30T16:19:58.542] [INFO] default - POST /users/register
[2025-05-31T11:01:58.767] [INFO] default - POST /users/register
[2025-05-31T11:06:53.280] [INFO] default - POST /users/register
[2025-05-31T11:07:24.668] [INFO] default - POST /users/register
[2025-05-31T11:09:43.756] [INFO] default - POST /users/register
[2025-05-31T11:18:09.327] [INFO] default - POST /users/register
[2025-05-31T11:26:01.617] [INFO] default - POST /users/register
[2025-05-31T11:29:33.673] [INFO] default - POST /users/register
[2025-05-31T11:31:35.476] [INFO] default - POST /users/register
[2025-05-31T11:35:46.291] [INFO] default - POST /users/register
[2025-05-31T11:39:45.381] [INFO] default - POST /users/register
[2025-05-31T12:08:34.334] [INFO] default - POST /users/register
[2025-05-31T12:10:49.761] [INFO] default - POST /users/register
[2025-05-31T20:34:58.570] [INFO] default - POST /users/register
[2025-05-31T20:35:16.673] [INFO] default - POST /users/register
[2025-05-31T20:39:03.519] [INFO] default - POST /users/register
[2025-05-31T20:50:55.558] [INFO] default - POST /users/register
[2025-05-31T20:58:01.260] [INFO] default - POST /users/register
[2025-05-31T21:09:06.306] [INFO] default - POST /users/register
[2025-05-31T21:19:19.596] [INFO] default - POST /users/register
[2025-05-31T21:20:40.980] [INFO] default - POST /users/register
[2025-05-31T21:23:52.166] [INFO] default - POST /users/register
[2025-05-31T21:25:27.052] [INFO] default - POST /users/register
[2025-05-31T21:27:15.063] [INFO] default - POST /users/register
[2025-06-01T00:07:43.355] [INFO] default - POST /users/register
[2025-06-01T00:08:04.159] [INFO] default - POST /users/register
[2025-06-01T12:24:27.547] [INFO] default - POST /users/register
[2025-06-01T12:24:56.492] [INFO] default - POST /users/register
[2025-06-01T12:35:42.591] [INFO] default - POST /users/register
[2025-06-01T12:47:53.751] [INFO] default - POST /users/register
[2025-06-01T13:06:10.582] [INFO] default - POST /users/register
[2025-06-01T13:15:43.759] [INFO] default - POST /users/register
[2025-06-01T23:17:40.716] [INFO] default - POST /users/register
[2025-06-01T23:18:03.918] [INFO] default - POST /users/register
[2025-06-01T23:53:50.005] [INFO] default - POST /users/register
[2025-06-01T23:55:43.277] [INFO] default - POST /users/register
[2025-06-01T23:57:58.369] [INFO] default - POST /users/register
[2025-06-01T23:58:56.788] [INFO] default - POST /users/register
[2025-06-02T00:08:23.120] [INFO] default - POST /users/register
[2025-06-02T00:16:39.778] [INFO] default - POST /users/register
[2025-06-02T00:21:53.688] [INFO] default - POST /users/register
[2025-06-02T00:22:32.619] [INFO] default - POST /users/register
[2025-06-02T00:25:33.984] [INFO] default - POST /users/register
[2025-06-02T00:30:25.610] [INFO] default - POST /users/register
[2025-06-02T00:31:27.895] [INFO] default - POST /users/register
[2025-06-02T00:48:36.746] [INFO] default - POST /users/register
[2025-06-02T00:55:39.612] [INFO] default - POST /users/register
[2025-06-02T00:56:58.613] [INFO] default - POST /users/register
[2025-06-02T00:57:14.147] [INFO] default - POST /users/register
[2025-06-02T00:58:37.251] [INFO] default - POST /users/register
[2025-06-02T09:29:47.901] [INFO] default - POST /users/register
[2025-06-02T09:30:07.173] [INFO] default - POST /users/register
[2025-06-02T09:30:07.506] [INFO] default - POST /users/login
[2025-06-02T11:22:05.672] [INFO] default - POST /users/register
[2025-06-02T11:22:05.830] [INFO] default - POST /users/login
[2025-06-02T11:24:02.115] [INFO] default - POST /users/register
[2025-06-02T11:24:02.244] [INFO] default - POST /users/login
[2025-06-02T11:35:08.417] [INFO] default - POST /users/register
[2025-06-02T11:35:08.536] [INFO] default - POST /users/login
[2025-06-02T15:55:19.992] [INFO] default - POST /users/register
[2025-06-02T16:10:01.551] [INFO] default - POST /users/register
[2025-06-02T16:15:14.367] [INFO] default - POST /users/register
[2025-06-02T16:17:45.639] [INFO] default - POST /users/register
[2025-06-02T16:18:50.149] [INFO] default - POST /users/register
[2025-06-03T10:24:01.665] [INFO] default - POST /users/register
[2025-06-03T10:32:16.197] [INFO] default - POST /users/register
[2025-06-03T10:41:04.634] [INFO] default - POST /users/register
[2025-06-03T10:45:56.890] [INFO] default - POST /users/register
[2025-06-03T10:49:35.364] [INFO] default - POST /users/register
[2025-06-03T10:50:28.562] [INFO] default - POST /users/register
[2025-06-03T10:53:34.643] [INFO] default - POST /users/register
[2025-06-03T20:07:07.023] [INFO] default - POST /users/register
[2025-06-03T20:08:01.307] [INFO] default - POST /users/register
[2025-06-04T14:46:58.503] [INFO] default - GET /api/products
[2025-06-04T14:47:59.782] [INFO] default - POST /users/register
[2025-06-04T14:49:09.742] [INFO] default - POST /users/register
[2025-06-04T15:04:19.768] [INFO] default - POST /users/register
[2025-06-04T15:05:42.677] [INFO] default - POST /users/register
[2025-06-04T15:11:31.360] [INFO] default - POST /users/register
[2025-06-04T15:15:41.765] [INFO] default - POST /users/register
[2025-06-04T15:21:27.997] [INFO] default - POST /users/register
[2025-06-04T15:24:48.270] [INFO] default - POST /users/register
[2025-06-04T15:34:44.381] [INFO] default - POST /users/register
[2025-06-04T15:34:44.708] [INFO] default - POST /users/login
[2025-06-04T15:36:12.209] [INFO] default - POST /users/register
[2025-06-04T15:36:12.525] [INFO] default - POST /users/login
[2025-06-04T15:39:33.385] [INFO] default - POST /users/register
[2025-06-04T15:39:33.705] [INFO] default - POST /users/login
[2025-06-04T15:48:49.424] [INFO] default - POST /users/register
[2025-06-04T15:48:49.857] [INFO] default - POST /users/login
[2025-06-04T15:50:11.187] [INFO] default - POST /users/register
[2025-06-04T15:50:11.531] [INFO] default - POST /users/login
[2025-06-04T15:51:30.335] [INFO] default - POST /users/register
[2025-06-04T15:51:30.691] [INFO] default - POST /users/login
[2025-06-04T16:11:02.882] [INFO] default - POST /users/register
[2025-06-04T16:11:03.292] [INFO] default - POST /users/login
[2025-06-04T16:11:03.367] [INFO] default - POST /users/login
[2025-06-04T16:13:45.898] [INFO] default - POST /users/register
[2025-06-04T16:13:46.412] [INFO] default - POST /users/login
[2025-06-04T16:13:46.487] [INFO] default - POST /users/login
[2025-06-04T16:14:43.826] [INFO] default - POST /users/register
[2025-06-04T16:14:44.069] [INFO] default - POST /users/login
[2025-06-04T16:14:44.138] [INFO] default - POST /users/login
[2025-06-04T16:16:18.119] [INFO] default - POST /users/register
[2025-06-04T16:16:18.725] [INFO] default - POST /users/login
[2025-06-04T16:16:18.811] [INFO] default - POST /users/login
[2025-06-04T20:47:05.747] [INFO] default - POST /users/register
[2025-06-04T20:47:06.439] [INFO] default - POST /users/login
[2025-06-04T20:47:06.588] [INFO] default - POST /users/login
[2025-06-04T21:08:03.183] [INFO] default - POST /users/register
[2025-06-04T21:08:03.770] [INFO] default - POST /users/login
[2025-06-04T21:08:03.900] [INFO] default - POST /users/login
[2025-06-04T21:09:30.974] [INFO] default - POST /users/register
[2025-06-04T21:09:31.498] [INFO] default - POST /users/login
[2025-06-04T21:09:31.671] [INFO] default - POST /users/login
[2025-06-04T21:10:27.494] [INFO] default - POST /users/register
[2025-06-04T21:10:28.015] [INFO] default - POST /users/login
[2025-06-04T21:10:28.170] [INFO] default - POST /users/login
[2025-06-04T21:18:56.404] [INFO] default - POST /users/register
[2025-06-04T21:18:56.903] [INFO] default - POST /users/login
[2025-06-04T21:18:57.036] [INFO] default - POST /users/login
[2025-06-04T21:24:45.487] [INFO] default - POST /users/register
[2025-06-04T21:24:46.152] [INFO] default - POST /users/login
[2025-06-04T21:24:46.284] [INFO] default - POST /users/login
[2025-06-04T23:46:05.349] [INFO] default - POST /users/register
[2025-06-04T23:46:05.719] [INFO] default - POST /users/login
[2025-06-04T23:46:05.819] [INFO] default - POST /users/login
[2025-06-04T23:47:12.038] [INFO] default - POST /users/register
[2025-06-04T23:47:12.523] [INFO] default - POST /users/login
[2025-06-04T23:47:12.617] [INFO] default - POST /users/login
[2025-06-05T00:21:53.276] [INFO] default - POST /users/register
[2025-06-05T00:21:53.609] [INFO] default - POST /users/login
[2025-06-05T00:21:53.714] [INFO] default - POST /users/login
[2025-06-05T00:27:36.797] [INFO] default - POST /users/register
[2025-06-05T00:27:37.082] [INFO] default - POST /users/login
[2025-06-05T00:27:37.163] [INFO] default - POST /users/login
[2025-06-05T00:28:34.107] [INFO] default - POST /users/register
[2025-06-05T00:28:34.227] [INFO] default - POST /users/login
[2025-06-05T00:28:34.455] [INFO] default - POST /users/login
[2025-06-05T00:29:36.765] [INFO] default - POST /users/register
[2025-06-05T00:29:37.115] [INFO] default - POST /users/login
[2025-06-05T00:29:37.223] [INFO] default - POST /users/login
[2025-06-05T09:33:28.248] [INFO] default - POST /users/register
[2025-06-05T09:34:02.118] [INFO] default - POST /users/register
[2025-06-05T09:35:01.866] [INFO] default - POST /users/register
[2025-06-05T09:39:41.278] [INFO] default - POST /users/register
[2025-06-05T09:42:38.110] [INFO] default - POST /users/register
[2025-06-05T09:47:24.197] [INFO] default - POST /users/register
[2025-06-05T10:00:49.608] [INFO] default - POST /users/register
[2025-06-05T10:00:50.052] [INFO] default - POST /users/login
[2025-06-05T10:16:18.230] [INFO] default - POST /users/register
[2025-06-05T10:16:18.843] [INFO] default - POST /users/login
[2025-06-05T10:23:17.161] [INFO] default - POST /ussrs/register
[2025-06-05T10:23:31.575] [INFO] default - POST /users/register
[2025-06-05T10:24:01.742] [INFO] default - POST /users/register
[2025-06-05T10:25:17.462] [INFO] default - POST /users/login
[2025-06-05T10:28:50.005] [INFO] default - POST /users/register
[2025-06-05T10:28:50.360] [INFO] default - POST /users/login
[2025-06-05T10:35:49.787] [INFO] default - POST /users/register
[2025-06-05T10:35:49.924] [INFO] default - POST /users/login
[2025-06-05T10:36:27.108] [INFO] default - POST /users/register
[2025-06-05T10:36:27.198] [INFO] default - POST /users/login
[2025-06-05T10:37:20.901] [INFO] default - POST /users/register
[2025-06-05T10:37:21.198] [INFO] default - POST /users/login
[2025-06-05T10:55:49.582] [INFO] default - POST /users/register
[2025-06-05T10:59:22.172] [INFO] default - POST /users/register
[2025-06-05T12:32:56.750] [INFO] default - POST /users/register
[2025-06-05T12:34:56.545] [INFO] default - GET /
[2025-06-05T12:40:45.899] [INFO] default - POST /users/register
[2025-06-05T12:40:46.248] [INFO] default - POST /users/login
[2025-06-05T12:45:40.684] [INFO] default - POST /users/register
[2025-06-05T12:45:41.054] [INFO] default - POST /users/login
[2025-06-05T12:51:47.824] [INFO] default - POST /users/register
[2025-06-05T12:51:48.168] [INFO] default - POST /users/login
[2025-06-05T13:00:36.152] [INFO] default - POST /users/register
[2025-06-05T13:00:36.514] [INFO] default - POST /users/login
[2025-06-05T13:08:52.824] [INFO] default - POST /users/register
[2025-06-05T13:08:53.186] [INFO] default - POST /users/login
[2025-06-05T13:35:22.274] [INFO] default - POST /users/register
[2025-06-05T13:35:22.711] [INFO] default - POST /users/login
[2025-06-05T13:35:22.935] [INFO] default - GET /users/current
[2025-06-05T15:27:58.197] [INFO] default - POST /users/register
[2025-06-05T15:27:59.356] [INFO] default - POST /users/login
[2025-06-05T15:27:59.710] [INFO] default - GET /users/current
[2025-06-05T15:34:15.902] [INFO] default - POST /users/register
[2025-06-05T15:34:16.328] [INFO] default - POST /users/login
[2025-06-05T15:34:16.493] [INFO] default - GET /users/current
[2025-06-05T15:46:55.631] [INFO] default - POST /users/register
[2025-06-05T15:46:55.942] [INFO] default - POST /users/login
[2025-06-05T16:25:50.766] [INFO] default - POST /users/register
[2025-06-05T16:25:51.162] [INFO] default - POST /users/login
[2025-06-05T16:25:51.303] [INFO] default - GET /users/current
[2025-06-05T16:50:02.379] [INFO] default - POST /users/register
[2025-06-05T16:50:02.820] [INFO] default - POST /users/login
[2025-06-05T16:50:03.153] [INFO] default - GET /users/current
[2025-06-05T18:14:50.926] [INFO] default - POST /users/register
[2025-06-05T18:14:51.374] [INFO] default - POST /users/login
[2025-06-05T18:14:51.540] [INFO] default - GET /users/current
[2025-06-05T18:19:14.698] [INFO] default - POST /users/register
[2025-06-05T18:19:14.995] [INFO] default - POST /users/login
[2025-06-05T18:19:15.186] [INFO] default - GET /users/current
[2025-06-05T18:20:21.713] [INFO] default - POST /users/register
[2025-06-05T18:20:22.380] [INFO] default - POST /users/login
[2025-06-05T18:20:22.592] [INFO] default - GET /users/current
[2025-06-05T18:39:52.341] [INFO] default - POST /users/register
[2025-06-05T18:39:52.665] [INFO] default - POST /users/login
[2025-06-05T18:39:52.802] [INFO] default - GET /users/current
[2025-06-05T18:45:49.631] [INFO] default - POST /users/register
[2025-06-05T18:45:49.886] [INFO] default - POST /users/login
[2025-06-05T18:45:49.995] [INFO] default - GET /users/current
[2025-06-05T18:54:43.264] [INFO] default - POST /users/register
[2025-06-05T18:54:43.558] [INFO] default - POST /users/login
[2025-06-05T18:54:43.654] [INFO] default - POST /users/login
[2025-06-05T18:54:43.768] [INFO] default - GET /users/current
[2025-06-05T18:56:03.078] [INFO] default - POST /users/register
[2025-06-05T18:56:03.398] [INFO] default - POST /users/login
[2025-06-05T18:56:03.551] [INFO] default - POST /users/login
[2025-06-05T19:05:31.258] [INFO] default - POST /users/register
[2025-06-05T19:05:31.607] [INFO] default - POST /users/login
[2025-06-05T19:05:31.767] [INFO] default - GET /users/current
[2025-06-06T13:00:12.427] [INFO] default - GET /api/docs
[2025-06-06T13:00:24.479] [INFO] default - GET /api/docs/
[2025-06-06T13:11:05.085] [INFO] default - GET /api/docs
[2025-06-06T15:00:53.374] [INFO] default - POST /api/users/register
[2025-06-06T15:01:22.914] [INFO] default - POST /api/users/login
